[1019/094129.558:ERROR:filesystem_win.cc(129)] GetFileAttributes C:\Users\User\AppData\Local\Google\Chrome\User Data\Crashpad\attachments\d4642a18-a5ca-4bb4-92cf-c3f2ecffffda: The system cannot find the path specified. (0x3)
[1019/094129.573:ERROR:http_transport_win.cc(276)] WinHttpSendRequest: The operation completed successfully. (0x0)
[1019/095031.572:ERROR:directory_reader_win.cc(43)] FindFirstFile: The system cannot find the path specified. (0x3)
[1020/093110.702:ERROR:directory_reader_win.cc(43)] FindFirstFile: The system cannot find the path specified. (0x3)
[1021/093109.406:ERROR:directory_reader_win.cc(43)] FindFirstFile: The system cannot find the path specified. (0x3)
[1022/093121.468:ERROR:directory_reader_win.cc(43)] FindFirstFile: The system cannot find the path specified. (0x3)
[1024/092535.246:ERROR:directory_reader_win.cc(43)] FindFirstFile: The system cannot find the path specified. (0x3)
[1025/083220.655:ERROR:filesystem_win.cc(129)] GetFileAttributes C:\Users\User\AppData\Local\Google\Chrome\User Data\Crashpad\attachments\6db1dd70-2184-441f-9aef-f14b6807eebb: The system cannot find the path specified. (0x3)
[1025/083220.719:ERROR:http_transport_win.cc(276)] WinHttpSendRequest: The operation completed successfully. (0x0)
[1025/084123.135:ERROR:directory_reader_win.cc(43)] FindFirstFile: The system cannot find the path specified. (0x3)
[1026/091547.940:ERROR:directory_reader_win.cc(43)] FindFirstFile: The system cannot find the path specified. (0x3)
[1027/185535.428:ERROR:directory_reader_win.cc(43)] FindFirstFile: The system cannot find the path specified. (0x3)
[1028/195530.489:ERROR:directory_reader_win.cc(43)] FindFirstFile: The system cannot find the path specified. (0x3)
[1029/195531.173:ERROR:directory_reader_win.cc(43)] FindFirstFile: The system cannot find the path specified. (0x3)
[1030/082921.302:ERROR:filesystem_win.cc(129)] GetFileAttributes C:\Users\User\AppData\Local\Google\Chrome\User Data\Crashpad\attachments\094a7be0-e51c-4f03-ba61-ad8fbab1d430: The system cannot find the path specified. (0x3)
[1030/083617.731:ERROR:directory_reader_win.cc(43)] FindFirstFile: The system cannot find the path specified. (0x3)
[1102/075909.041:ERROR:directory_reader_win.cc(43)] FindFirstFile: The system cannot find the path specified. (0x3)
[1103/082623.234:ERROR:directory_reader_win.cc(43)] FindFirstFile: The system cannot find the path specified. (0x3)
[1104/101211.870:ERROR:directory_reader_win.cc(43)] FindFirstFile: The system cannot find the path specified. (0x3)
[1105/101926.937:ERROR:directory_reader_win.cc(43)] FindFirstFile: The system cannot find the path specified. (0x3)
[1105/203514.834:ERROR:directory_reader_win.cc(43)] FindFirstFile: The system cannot find the path specified. (0x3)
[1106/005421.203:ERROR:filesystem_win.cc(129)] GetFileAttributes C:\Users\User\AppData\Local\Google\Chrome\User Data\Crashpad\attachments\f5ef0703-9486-4528-acaa-e526d0065293: The system cannot find the path specified. (0x3)
[1107/083142.389:ERROR:directory_reader_win.cc(43)] FindFirstFile: The system cannot find the path specified. (0x3)
[1108/111100.708:ERROR:directory_reader_win.cc(43)] FindFirstFile: The system cannot find the path specified. (0x3)
[1108/154318.710:ERROR:filesystem_win.cc(129)] GetFileAttributes C:\Users\User\AppData\Local\Google\Chrome\User Data\Crashpad\attachments\dd8a5114-f7c0-48b2-8c71-d01deb02c0ce: The system cannot find the path specified. (0x3)
[1109/101446.134:ERROR:filesystem_win.cc(129)] GetFileAttributes C:\Users\User\AppData\Local\Google\Chrome\User Data\Crashpad\attachments\6aabcc46-a3ee-4ddf-86b8-506ec7b398f8: The system cannot find the path specified. (0x3)
[1109/102326.605:ERROR:directory_reader_win.cc(43)] FindFirstFile: The system cannot find the path specified. (0x3)
[1111/110611.493:ERROR:filesystem_win.cc(129)] GetFileAttributes C:\Users\User\AppData\Local\Google\Chrome\User Data\Crashpad\attachments\6c0aa7c6-3b63-4c7c-bf41-26befe4c7024: The system cannot find the path specified. (0x3)
[1111/111521.169:ERROR:directory_reader_win.cc(43)] FindFirstFile: The system cannot find the path specified. (0x3)
[1112/211633.170:ERROR:directory_reader_win.cc(43)] FindFirstFile: The system cannot find the path specified. (0x3)
[1113/092859.276:ERROR:directory_reader_win.cc(43)] FindFirstFile: The system cannot find the path specified. (0x3)
[1113/093638.549:ERROR:process_reader_win.cc(151)] SuspendThread: Access is denied. (0x5)
[1113/093638.851:ERROR:process_reader_win.cc(123)] NtOpenThread: An invalid Client ID was specified. (0xc000000b)
[1113/093639.820:ERROR:process_reader_win.cc(123)] NtOpenThread: An invalid Client ID was specified. (0xc000000b)
[1113/093639.820:ERROR:process_reader_win.cc(123)] NtOpenThread: An invalid Client ID was specified. (0xc000000b)
[1113/093639.820:ERROR:process_reader_win.cc(123)] NtOpenThread: An invalid Client ID was specified. (0xc000000b)
[1113/093639.820:ERROR:process_reader_win.cc(123)] NtOpenThread: An invalid Client ID was specified. (0xc000000b)
[1113/093639.820:ERROR:process_reader_win.cc(123)] NtOpenThread: An invalid Client ID was specified. (0xc000000b)
[1113/093639.820:ERROR:process_reader_win.cc(123)] NtOpenThread: An invalid Client ID was specified. (0xc000000b)
[1113/093639.820:ERROR:process_reader_win.cc(123)] NtOpenThread: An invalid Client ID was specified. (0xc000000b)
[1113/093639.820:ERROR:process_reader_win.cc(123)] NtOpenThread: An invalid Client ID was specified. (0xc000000b)
[1113/093639.820:ERROR:process_reader_win.cc(123)] NtOpenThread: An invalid Client ID was specified. (0xc000000b)
[1113/093639.820:ERROR:process_reader_win.cc(123)] NtOpenThread: An invalid Client ID was specified. (0xc000000b)
[1113/093639.820:ERROR:process_reader_win.cc(123)] NtOpenThread: An invalid Client ID was specified. (0xc000000b)
[1113/093639.820:ERROR:process_reader_win.cc(123)] NtOpenThread: An invalid Client ID was specified. (0xc000000b)
[1113/093639.820:ERROR:process_reader_win.cc(123)] NtOpenThread: An invalid Client ID was specified. (0xc000000b)
[1113/093639.820:ERROR:process_reader_win.cc(123)] NtOpenThread: An invalid Client ID was specified. (0xc000000b)
[1113/093639.820:ERROR:exception_snapshot_win.cc(99)] thread ID 7676 not found in process
[1113/093639.995:ERROR:scoped_process_suspend.cc(40)] NtResumeProcess: An attempt was made to access an exiting process. (0xc000010a)
